<?xml version="1.0" encoding="UTF-8"?>
<!-- Generated by org.testng.reporters.JUnitReportReporter -->
<testsuite hostname="LAPTOP-RN4SD1IS" failures="0" tests="3" name="GetRequestAutomation.GetRequest" time="5.550" errors="0" timestamp="2023-02-25T16:22:23 IST" skipped="0">
  <testcase classname="GetRequestAutomation.GetRequest" name="jsonvalidation" time="3.840"/>
  <system-out/>
  <testcase classname="GetRequestAutomation.GetRequest" name="getemployeedetails" time="0.409"/>
  <system-out/>
  <testcase classname="GetRequestAutomation.GetRequest" name="bddtest" time="1.301"/>
  <system-out/>
</testsuite> <!-- GetRequestAutomation.GetRequest -->
