<?xml version="1.0" encoding="UTF-8"?>
<!-- Generated by org.testng.reporters.JUnitReportReporter -->
<testsuite hostname="LAPTOP-RN4SD1IS" failures="0" tests="1" name="SOAP_REQUEST_AUTOMATION.SoapRequest" time="3.065" errors="0" timestamp="2023-02-27T16:46:11 IST" skipped="0">
  <testcase classname="SOAP_REQUEST_AUTOMATION.SoapRequest" name="soaptest" time="3.065"/>
  <system-out/>
</testsuite> <!-- SOAP_REQUEST_AUTOMATION.SoapRequest -->
