<?xml version="1.0" encoding="UTF-8"?>
<!-- Generated by org.testng.reporters.JUnitReportReporter -->
<testsuite hostname="LAPTOP-RN4SD1IS" failures="0" tests="1" name="PutRequestAutomation.PutRequest" time="2.391" errors="0" timestamp="2023-02-27T12:14:33 IST" skipped="0">
  <testcase classname="PutRequestAutomation.PutRequest" name="puttest" time="2.391"/>
  <system-out/>
</testsuite> <!-- PutRequestAutomation.PutRequest -->
