<?xml version="1.0" encoding="UTF-8"?>
<!-- Generated by org.testng.reporters.JUnitReportReporter -->
<testsuite hostname="LAPTOP-RN4SD1IS" failures="0" tests="1" name="PostRequestAutomation.PostRequest" time="2.684" errors="0" timestamp="2023-02-27T11:40:03 IST" skipped="0">
  <testcase classname="PostRequestAutomation.PostRequest" name="posttest" time="2.684"/>
  <system-out/>
</testsuite> <!-- PostRequestAutomation.PostRequest -->
