<?xml version="1.0" encoding="UTF-8"?>
<!-- Generated by org.testng.reporters.JUnitReportReporter -->
<testsuite hostname="LAPTOP-RN4SD1IS" failures="0" tests="1" name="DeleteRequest.DeleteRequest" time="1.689" errors="0" timestamp="2023-02-27T12:37:49 IST" skipped="0">
  <testcase classname="DeleteRequest.DeleteRequest" name="deletetest" time="1.689"/>
  <system-out/>
</testsuite> <!-- DeleteRequest.DeleteRequest -->
