<?xml version="1.0" encoding="UTF-8"?>
<!-- Generated by org.testng.reporters.JUnitReportReporter -->
<testsuite hostname="LAPTOP-RN4SD1IS" failures="0" tests="1" name="PatchRequestAutomation.PatchRequest" time="1.742" errors="0" timestamp="2023-02-27T12:27:54 IST" skipped="0">
  <testcase classname="PatchRequestAutomation.PatchRequest" name="patchtest" time="1.742"/>
  <system-out/>
</testsuite> <!-- PatchRequestAutomation.PatchRequest -->
